Detecting C compiler ABI info failed to compile with the following output:
Change Dir: /Users/roeebenezra/CLionProjects/Checkpoint/build/CMakeFiles/CMakeTmp

Run Build Command(s):/usr/bin/make -f Makefile cmTC_23667/fast && /Library/Developer/CommandLineTools/usr/bin/make  -f CMakeFiles/cmTC_23667.dir/build.make CMakeFiles/cmTC_23667.dir/build
Building C object CMakeFiles/cmTC_23667.dir/CMakeCCompilerABI.c.o
/usr/local/bin/i686-w64-mingw32-gcc   -isysroot /Library/Developer/CommandLineTools/SDKs/MacOSX11.3.sdk   -v -Wl,-v -o CMakeFiles/cmTC_23667.dir/CMakeCCompilerABI.c.o -c /usr/local/Cellar/cmake/3.22.1/share/cmake/Modules/CMakeCCompilerABI.c
Using built-in specs.
COLLECT_GCC=/usr/local/bin/i686-w64-mingw32-gcc
Target: i686-w64-mingw32
Configured with: ../configure --target=i686-w64-mingw32 --with-sysroot=/usr/local/Cellar/mingw-w64/10.0.0_1/toolchain-i686 --prefix=/usr/local/Cellar/mingw-w64/10.0.0_1/toolchain-i686 --with-bugurl=https://github.com/Homebrew/homebrew-core/issues --enable-languages=c,c++,fortran --with-ld=/usr/local/Cellar/mingw-w64/10.0.0_1/toolchain-i686/bin/i686-w64-mingw32-ld --with-as=/usr/local/Cellar/mingw-w64/10.0.0_1/toolchain-i686/bin/i686-w64-mingw32-as --with-gmp=/usr/local/opt/gmp --with-mpfr=/usr/local/opt/mpfr --with-mpc=/usr/local/opt/libmpc --with-isl=/usr/local/opt/isl --with-zstd=no --disable-multilib --disable-nls --enable-threads=posix
Thread model: posix
Supported LTO compression algorithms: zlib
gcc version 11.3.0 (GCC) 
COLLECT_GCC_OPTIONS='-isysroot' '/Library/Developer/CommandLineTools/SDKs/MacOSX11.3.sdk' '-v' '-o' 'CMakeFiles/cmTC_23667.dir/CMakeCCompilerABI.c.o' '-c' '-mtune=generic' '-march=pentiumpro' '-dumpdir' 'CMakeFiles/cmTC_23667.dir/'
 /usr/local/Cellar/mingw-w64/10.0.0_1/toolchain-i686/libexec/gcc/i686-w64-mingw32/11.3.0/cc1 -quiet -v -D_REENTRANT -isysroot /Library/Developer/CommandLineTools/SDKs/MacOSX11.3.sdk /usr/local/Cellar/cmake/3.22.1/share/cmake/Modules/CMakeCCompilerABI.c -quiet -dumpdir CMakeFiles/cmTC_23667.dir/ -dumpbase CMakeCCompilerABI.c.c -dumpbase-ext .c -mtune=generic -march=pentiumpro -version -o /var/folders/m5/vnn_qlkj6rd73y55n4lm59jw0000gn/T//ccMw5Je2.s
GNU C17 (GCC) version 11.3.0 (i686-w64-mingw32)
	compiled by GNU C version Apple LLVM 13.1.6 (clang-1316.0.21.2), GMP version 6.2.1, MPFR version 4.1.0, MPC version 1.2.1, isl version isl-0.24-GMP

GGC heuristics: --param ggc-min-expand=100 --param ggc-min-heapsize=131072
ignoring nonexistent directory "/Library/Developer/CommandLineTools/SDKs/MacOSX11.3.sdk/usr/local/include"
ignoring nonexistent directory "/Library/Developer/CommandLineTools/SDKs/MacOSX11.3.sdk/mingw/include"
#include "..." search starts here:
#include <...> search starts here:
 /usr/local/Cellar/mingw-w64/10.0.0_1/toolchain-i686/lib/gcc/i686-w64-mingw32/11.3.0/include
 /usr/local/Cellar/mingw-w64/10.0.0_1/toolchain-i686/lib/gcc/i686-w64-mingw32/11.3.0/include-fixed
 /usr/local/Cellar/mingw-w64/10.0.0_1/toolchain-i686/lib/gcc/i686-w64-mingw32/11.3.0/../../../../i686-w64-mingw32/include
End of search list.
GNU C17 (GCC) version 11.3.0 (i686-w64-mingw32)
	compiled by GNU C version Apple LLVM 13.1.6 (clang-1316.0.21.2), GMP version 6.2.1, MPFR version 4.1.0, MPC version 1.2.1, isl version isl-0.24-GMP

GGC heuristics: --param ggc-min-expand=100 --param ggc-min-heapsize=131072
Compiler executable checksum: d98a0f49bda9489b0391e3d04208ce55
COLLECT_GCC_OPTIONS='-isysroot' '/Library/Developer/CommandLineTools/SDKs/MacOSX11.3.sdk' '-v' '-o' 'CMakeFiles/cmTC_23667.dir/CMakeCCompilerABI.c.o' '-c' '-mtune=generic' '-march=pentiumpro' '-dumpdir' 'CMakeFiles/cmTC_23667.dir/'
 /usr/local/Cellar/mingw-w64/10.0.0_1/toolchain-i686/bin/i686-w64-mingw32-as -v -o CMakeFiles/cmTC_23667.dir/CMakeCCompilerABI.c.o /var/folders/m5/vnn_qlkj6rd73y55n4lm59jw0000gn/T//ccMw5Je2.s
GNU assembler version 2.38 (i686-w64-mingw32) using BFD version (GNU Binutils) 2.38
COMPILER_PATH=/usr/local/Cellar/mingw-w64/10.0.0_1/toolchain-i686/libexec/gcc/i686-w64-mingw32/11.3.0/:/usr/local/Cellar/mingw-w64/10.0.0_1/toolchain-i686/libexec/gcc/i686-w64-mingw32/11.3.0/:/usr/local/Cellar/mingw-w64/10.0.0_1/toolchain-i686/libexec/gcc/i686-w64-mingw32/:/usr/local/Cellar/mingw-w64/10.0.0_1/toolchain-i686/lib/gcc/i686-w64-mingw32/11.3.0/:/usr/local/Cellar/mingw-w64/10.0.0_1/toolchain-i686/lib/gcc/i686-w64-mingw32/:/usr/local/Cellar/mingw-w64/10.0.0_1/toolchain-i686/lib/gcc/i686-w64-mingw32/11.3.0/../../../../i686-w64-mingw32/bin/
LIBRARY_PATH=/usr/local/Cellar/mingw-w64/10.0.0_1/toolchain-i686/lib/gcc/i686-w64-mingw32/11.3.0/:/usr/local/Cellar/mingw-w64/10.0.0_1/toolchain-i686/lib/gcc/i686-w64-mingw32/11.3.0/../../../../i686-w64-mingw32/lib/../lib/:/usr/local/Cellar/mingw-w64/10.0.0_1/toolchain-i686/mingw/lib/../lib/:/usr/local/Cellar/mingw-w64/10.0.0_1/toolchain-i686/lib/gcc/i686-w64-mingw32/11.3.0/../../../../i686-w64-mingw32/lib/:/usr/local/Cellar/mingw-w64/10.0.0_1/toolchain-i686/mingw/lib/
COLLECT_GCC_OPTIONS='-isysroot' '/Library/Developer/CommandLineTools/SDKs/MacOSX11.3.sdk' '-v' '-o' 'CMakeFiles/cmTC_23667.dir/CMakeCCompilerABI.c.o' '-c' '-mtune=generic' '-march=pentiumpro' '-dumpdir' 'CMakeFiles/cmTC_23667.dir/CMakeCCompilerABI.c.'
Linking C executable cmTC_23667
/usr/local/Cellar/cmake/3.22.1/bin/cmake -E cmake_link_script CMakeFiles/cmTC_23667.dir/link.txt --verbose=1
/usr/local/bin/i686-w64-mingw32-gcc  -isysroot /Library/Developer/CommandLineTools/SDKs/MacOSX11.3.sdk -Wl,-search_paths_first -Wl,-headerpad_max_install_names  -v -Wl,-v CMakeFiles/cmTC_23667.dir/CMakeCCompilerABI.c.o -o cmTC_23667 
Using built-in specs.
COLLECT_GCC=/usr/local/bin/i686-w64-mingw32-gcc
COLLECT_LTO_WRAPPER=/usr/local/Cellar/mingw-w64/10.0.0_1/toolchain-i686/libexec/gcc/i686-w64-mingw32/11.3.0/lto-wrapper
Target: i686-w64-mingw32
Configured with: ../configure --target=i686-w64-mingw32 --with-sysroot=/usr/local/Cellar/mingw-w64/10.0.0_1/toolchain-i686 --prefix=/usr/local/Cellar/mingw-w64/10.0.0_1/toolchain-i686 --with-bugurl=https://github.com/Homebrew/homebrew-core/issues --enable-languages=c,c++,fortran --with-ld=/usr/local/Cellar/mingw-w64/10.0.0_1/toolchain-i686/bin/i686-w64-mingw32-ld --with-as=/usr/local/Cellar/mingw-w64/10.0.0_1/toolchain-i686/bin/i686-w64-mingw32-as --with-gmp=/usr/local/opt/gmp --with-mpfr=/usr/local/opt/mpfr --with-mpc=/usr/local/opt/libmpc --with-isl=/usr/local/opt/isl --with-zstd=no --disable-multilib --disable-nls --enable-threads=posix
Thread model: posix
Supported LTO compression algorithms: zlib
gcc version 11.3.0 (GCC) 
COMPILER_PATH=/usr/local/Cellar/mingw-w64/10.0.0_1/toolchain-i686/libexec/gcc/i686-w64-mingw32/11.3.0/:/usr/local/Cellar/mingw-w64/10.0.0_1/toolchain-i686/libexec/gcc/i686-w64-mingw32/11.3.0/:/usr/local/Cellar/mingw-w64/10.0.0_1/toolchain-i686/libexec/gcc/i686-w64-mingw32/:/usr/local/Cellar/mingw-w64/10.0.0_1/toolchain-i686/lib/gcc/i686-w64-mingw32/11.3.0/:/usr/local/Cellar/mingw-w64/10.0.0_1/toolchain-i686/lib/gcc/i686-w64-mingw32/:/usr/local/Cellar/mingw-w64/10.0.0_1/toolchain-i686/lib/gcc/i686-w64-mingw32/11.3.0/../../../../i686-w64-mingw32/bin/
LIBRARY_PATH=/usr/local/Cellar/mingw-w64/10.0.0_1/toolchain-i686/lib/gcc/i686-w64-mingw32/11.3.0/:/usr/local/Cellar/mingw-w64/10.0.0_1/toolchain-i686/lib/gcc/i686-w64-mingw32/11.3.0/../../../../i686-w64-mingw32/lib/../lib/:/usr/local/Cellar/mingw-w64/10.0.0_1/toolchain-i686/mingw/lib/../lib/:/usr/local/Cellar/mingw-w64/10.0.0_1/toolchain-i686/lib/gcc/i686-w64-mingw32/11.3.0/../../../../i686-w64-mingw32/lib/:/usr/local/Cellar/mingw-w64/10.0.0_1/toolchain-i686/mingw/lib/
COLLECT_GCC_OPTIONS='-isysroot' '/Library/Developer/CommandLineTools/SDKs/MacOSX11.3.sdk' '-v' '-o' 'cmTC_23667.exe' '-mtune=generic' '-march=pentiumpro' '-dumpdir' 'cmTC_23667.'
 /usr/local/Cellar/mingw-w64/10.0.0_1/toolchain-i686/libexec/gcc/i686-w64-mingw32/11.3.0/collect2 -plugin /usr/local/Cellar/mingw-w64/10.0.0_1/toolchain-i686/libexec/gcc/i686-w64-mingw32/11.3.0/liblto_plugin.so -plugin-opt=/usr/local/Cellar/mingw-w64/10.0.0_1/toolchain-i686/libexec/gcc/i686-w64-mingw32/11.3.0/lto-wrapper -plugin-opt=-fresolution=/var/folders/m5/vnn_qlkj6rd73y55n4lm59jw0000gn/T//cc6WQ7hm.res -plugin-opt=-pass-through=-lmingw32 -plugin-opt=-pass-through=-lgcc -plugin-opt=-pass-through=-lgcc_eh -plugin-opt=-pass-through=-lmoldname -plugin-opt=-pass-through=-lmingwex -plugin-opt=-pass-through=-lmsvcrt -plugin-opt=-pass-through=-lkernel32 -plugin-opt=-pass-through=-lpthread -plugin-opt=-pass-through=-ladvapi32 -plugin-opt=-pass-through=-lshell32 -plugin-opt=-pass-through=-luser32 -plugin-opt=-pass-through=-lkernel32 -plugin-opt=-pass-through=-lmingw32 -plugin-opt=-pass-through=-lgcc -plugin-opt=-pass-through=-lgcc_eh -plugin-opt=-pass-through=-lmoldname -plugin-opt=-pass-through=-lmingwex -plugin-opt=-pass-through=-lmsvcrt -plugin-opt=-pass-through=-lkernel32 --sysroot=/usr/local/Cellar/mingw-w64/10.0.0_1/toolchain-i686 -m i386pe -Bdynamic -o cmTC_23667.exe /usr/local/Cellar/mingw-w64/10.0.0_1/toolchain-i686/lib/gcc/i686-w64-mingw32/11.3.0/../../../../i686-w64-mingw32/lib/../lib/crt2.o /usr/local/Cellar/mingw-w64/10.0.0_1/toolchain-i686/lib/gcc/i686-w64-mingw32/11.3.0/crtbegin.o -L/usr/local/Cellar/mingw-w64/10.0.0_1/toolchain-i686/lib/gcc/i686-w64-mingw32/11.3.0 -L/usr/local/Cellar/mingw-w64/10.0.0_1/toolchain-i686/lib/gcc/i686-w64-mingw32/11.3.0/../../../../i686-w64-mingw32/lib/../lib -L/usr/local/Cellar/mingw-w64/10.0.0_1/toolchain-i686/mingw/lib/../lib -L/usr/local/Cellar/mingw-w64/10.0.0_1/toolchain-i686/lib/gcc/i686-w64-mingw32/11.3.0/../../../../i686-w64-mingw32/lib -L/usr/local/Cellar/mingw-w64/10.0.0_1/toolchain-i686/mingw/lib -search_paths_first -headerpad_max_install_names -v CMakeFiles/cmTC_23667.dir/CMakeCCompilerABI.c.o -lmingw32 -lgcc -lgcc_eh -lmoldname -lmingwex -lmsvcrt -lkernel32 -lpthread -ladvapi32 -lshell32 -luser32 -lkernel32 -lmingw32 -lgcc -lgcc_eh -lmoldname -lmingwex -lmsvcrt -lkernel32 /usr/local/Cellar/mingw-w64/10.0.0_1/toolchain-i686/lib/gcc/i686-w64-mingw32/11.3.0/crtend.o
collect2 version 11.3.0
/usr/local/Cellar/mingw-w64/10.0.0_1/toolchain-i686/bin/i686-w64-mingw32-ld -plugin /usr/local/Cellar/mingw-w64/10.0.0_1/toolchain-i686/libexec/gcc/i686-w64-mingw32/11.3.0/liblto_plugin.so -plugin-opt=/usr/local/Cellar/mingw-w64/10.0.0_1/toolchain-i686/libexec/gcc/i686-w64-mingw32/11.3.0/lto-wrapper -plugin-opt=-fresolution=/var/folders/m5/vnn_qlkj6rd73y55n4lm59jw0000gn/T//cc6WQ7hm.res -plugin-opt=-pass-through=-lmingw32 -plugin-opt=-pass-through=-lgcc -plugin-opt=-pass-through=-lgcc_eh -plugin-opt=-pass-through=-lmoldname -plugin-opt=-pass-through=-lmingwex -plugin-opt=-pass-through=-lmsvcrt -plugin-opt=-pass-through=-lkernel32 -plugin-opt=-pass-through=-lpthread -plugin-opt=-pass-through=-ladvapi32 -plugin-opt=-pass-through=-lshell32 -plugin-opt=-pass-through=-luser32 -plugin-opt=-pass-through=-lkernel32 -plugin-opt=-pass-through=-lmingw32 -plugin-opt=-pass-through=-lgcc -plugin-opt=-pass-through=-lgcc_eh -plugin-opt=-pass-through=-lmoldname -plugin-opt=-pass-through=-lmingwex -plugin-opt=-pass-through=-lmsvcrt -plugin-opt=-pass-through=-lkernel32 --sysroot=/usr/local/Cellar/mingw-w64/10.0.0_1/toolchain-i686 -m i386pe -Bdynamic -o cmTC_23667.exe /usr/local/Cellar/mingw-w64/10.0.0_1/toolchain-i686/lib/gcc/i686-w64-mingw32/11.3.0/../../../../i686-w64-mingw32/lib/../lib/crt2.o /usr/local/Cellar/mingw-w64/10.0.0_1/toolchain-i686/lib/gcc/i686-w64-mingw32/11.3.0/crtbegin.o -L/usr/local/Cellar/mingw-w64/10.0.0_1/toolchain-i686/lib/gcc/i686-w64-mingw32/11.3.0 -L/usr/local/Cellar/mingw-w64/10.0.0_1/toolchain-i686/lib/gcc/i686-w64-mingw32/11.3.0/../../../../i686-w64-mingw32/lib/../lib -L/usr/local/Cellar/mingw-w64/10.0.0_1/toolchain-i686/mingw/lib/../lib -L/usr/local/Cellar/mingw-w64/10.0.0_1/toolchain-i686/lib/gcc/i686-w64-mingw32/11.3.0/../../../../i686-w64-mingw32/lib -L/usr/local/Cellar/mingw-w64/10.0.0_1/toolchain-i686/mingw/lib -search_paths_first -headerpad_max_install_names -v CMakeFiles/cmTC_23667.dir/CMakeCCompilerABI.c.o -lmingw32 -lgcc -lgcc_eh -lmoldname -lmingwex -lmsvcrt -lkernel32 -lpthread -ladvapi32 -lshell32 -luser32 -lkernel32 -lmingw32 -lgcc -lgcc_eh -lmoldname -lmingwex -lmsvcrt -lkernel32 /usr/local/Cellar/mingw-w64/10.0.0_1/toolchain-i686/lib/gcc/i686-w64-mingw32/11.3.0/crtend.o
/usr/local/Cellar/mingw-w64/10.0.0_1/toolchain-i686/bin/i686-w64-mingw32-ld: Error: unable to disambiguate: -search_paths_first (did you mean --search_paths_first ?)
collect2: error: ld returned 1 exit status
make[1]: *** [cmTC_23667] Error 1
make: *** [cmTC_23667/fast] Error 2




Determining if the C compiler works failed with the following output:
Change Dir: /Users/roeebenezra/CLionProjects/Checkpoint/build/CMakeFiles/CMakeTmp

Run Build Command(s):/usr/bin/make -f Makefile cmTC_08061/fast && /Library/Developer/CommandLineTools/usr/bin/make  -f CMakeFiles/cmTC_08061.dir/build.make CMakeFiles/cmTC_08061.dir/build
Building C object CMakeFiles/cmTC_08061.dir/testCCompiler.c.o
/usr/local/bin/i686-w64-mingw32-gcc   -isysroot /Library/Developer/CommandLineTools/SDKs/MacOSX11.3.sdk -o CMakeFiles/cmTC_08061.dir/testCCompiler.c.o -c /Users/roeebenezra/CLionProjects/Checkpoint/build/CMakeFiles/CMakeTmp/testCCompiler.c
Linking C executable cmTC_08061
/usr/local/Cellar/cmake/3.22.1/bin/cmake -E cmake_link_script CMakeFiles/cmTC_08061.dir/link.txt --verbose=1
/usr/local/bin/i686-w64-mingw32-gcc  -isysroot /Library/Developer/CommandLineTools/SDKs/MacOSX11.3.sdk -Wl,-search_paths_first -Wl,-headerpad_max_install_names CMakeFiles/cmTC_08061.dir/testCCompiler.c.o -o cmTC_08061 
/usr/local/Cellar/mingw-w64/10.0.0_1/toolchain-i686/bin/i686-w64-mingw32-ld: Error: unable to disambiguate: -search_paths_first (did you mean --search_paths_first ?)
collect2: error: ld returned 1 exit status
make[1]: *** [cmTC_08061] Error 1
make: *** [cmTC_08061/fast] Error 2



Detecting C compiler ABI info failed to compile with the following output:
Change Dir: /Users/roeebenezra/CLionProjects/Checkpoint/build/CMakeFiles/CMakeTmp

Run Build Command(s):/usr/bin/make -f Makefile cmTC_5266a/fast && /Library/Developer/CommandLineTools/usr/bin/make  -f CMakeFiles/cmTC_5266a.dir/build.make CMakeFiles/cmTC_5266a.dir/build
Building C object CMakeFiles/cmTC_5266a.dir/CMakeCCompilerABI.c.o
/usr/local/bin/i686-w64-mingw32-gcc   -isysroot /Library/Developer/CommandLineTools/SDKs/MacOSX11.3.sdk   -v -Wl,-v -o CMakeFiles/cmTC_5266a.dir/CMakeCCompilerABI.c.o -c /usr/local/Cellar/cmake/3.22.1/share/cmake/Modules/CMakeCCompilerABI.c
Using built-in specs.
COLLECT_GCC=/usr/local/bin/i686-w64-mingw32-gcc
Target: i686-w64-mingw32
Configured with: ../configure --target=i686-w64-mingw32 --with-sysroot=/usr/local/Cellar/mingw-w64/10.0.0_1/toolchain-i686 --prefix=/usr/local/Cellar/mingw-w64/10.0.0_1/toolchain-i686 --with-bugurl=https://github.com/Homebrew/homebrew-core/issues --enable-languages=c,c++,fortran --with-ld=/usr/local/Cellar/mingw-w64/10.0.0_1/toolchain-i686/bin/i686-w64-mingw32-ld --with-as=/usr/local/Cellar/mingw-w64/10.0.0_1/toolchain-i686/bin/i686-w64-mingw32-as --with-gmp=/usr/local/opt/gmp --with-mpfr=/usr/local/opt/mpfr --with-mpc=/usr/local/opt/libmpc --with-isl=/usr/local/opt/isl --with-zstd=no --disable-multilib --disable-nls --enable-threads=posix
Thread model: posix
Supported LTO compression algorithms: zlib
gcc version 11.3.0 (GCC) 
COLLECT_GCC_OPTIONS='-isysroot' '/Library/Developer/CommandLineTools/SDKs/MacOSX11.3.sdk' '-v' '-o' 'CMakeFiles/cmTC_5266a.dir/CMakeCCompilerABI.c.o' '-c' '-mtune=generic' '-march=pentiumpro' '-dumpdir' 'CMakeFiles/cmTC_5266a.dir/'
 /usr/local/Cellar/mingw-w64/10.0.0_1/toolchain-i686/libexec/gcc/i686-w64-mingw32/11.3.0/cc1 -quiet -v -D_REENTRANT -isysroot /Library/Developer/CommandLineTools/SDKs/MacOSX11.3.sdk /usr/local/Cellar/cmake/3.22.1/share/cmake/Modules/CMakeCCompilerABI.c -quiet -dumpdir CMakeFiles/cmTC_5266a.dir/ -dumpbase CMakeCCompilerABI.c.c -dumpbase-ext .c -mtune=generic -march=pentiumpro -version -o /var/folders/m5/vnn_qlkj6rd73y55n4lm59jw0000gn/T//ccgxF1z5.s
GNU C17 (GCC) version 11.3.0 (i686-w64-mingw32)
	compiled by GNU C version Apple LLVM 13.1.6 (clang-1316.0.21.2), GMP version 6.2.1, MPFR version 4.1.0, MPC version 1.2.1, isl version isl-0.24-GMP

GGC heuristics: --param ggc-min-expand=100 --param ggc-min-heapsize=131072
ignoring nonexistent directory "/Library/Developer/CommandLineTools/SDKs/MacOSX11.3.sdk/usr/local/include"
ignoring nonexistent directory "/Library/Developer/CommandLineTools/SDKs/MacOSX11.3.sdk/mingw/include"
#include "..." search starts here:
#include <...> search starts here:
 /usr/local/Cellar/mingw-w64/10.0.0_1/toolchain-i686/lib/gcc/i686-w64-mingw32/11.3.0/include
 /usr/local/Cellar/mingw-w64/10.0.0_1/toolchain-i686/lib/gcc/i686-w64-mingw32/11.3.0/include-fixed
 /usr/local/Cellar/mingw-w64/10.0.0_1/toolchain-i686/lib/gcc/i686-w64-mingw32/11.3.0/../../../../i686-w64-mingw32/include
End of search list.
GNU C17 (GCC) version 11.3.0 (i686-w64-mingw32)
	compiled by GNU C version Apple LLVM 13.1.6 (clang-1316.0.21.2), GMP version 6.2.1, MPFR version 4.1.0, MPC version 1.2.1, isl version isl-0.24-GMP

GGC heuristics: --param ggc-min-expand=100 --param ggc-min-heapsize=131072
Compiler executable checksum: d98a0f49bda9489b0391e3d04208ce55
COLLECT_GCC_OPTIONS='-isysroot' '/Library/Developer/CommandLineTools/SDKs/MacOSX11.3.sdk' '-v' '-o' 'CMakeFiles/cmTC_5266a.dir/CMakeCCompilerABI.c.o' '-c' '-mtune=generic' '-march=pentiumpro' '-dumpdir' 'CMakeFiles/cmTC_5266a.dir/'
 /usr/local/Cellar/mingw-w64/10.0.0_1/toolchain-i686/bin/i686-w64-mingw32-as -v -o CMakeFiles/cmTC_5266a.dir/CMakeCCompilerABI.c.o /var/folders/m5/vnn_qlkj6rd73y55n4lm59jw0000gn/T//ccgxF1z5.s
GNU assembler version 2.38 (i686-w64-mingw32) using BFD version (GNU Binutils) 2.38
COMPILER_PATH=/usr/local/Cellar/mingw-w64/10.0.0_1/toolchain-i686/libexec/gcc/i686-w64-mingw32/11.3.0/:/usr/local/Cellar/mingw-w64/10.0.0_1/toolchain-i686/libexec/gcc/i686-w64-mingw32/11.3.0/:/usr/local/Cellar/mingw-w64/10.0.0_1/toolchain-i686/libexec/gcc/i686-w64-mingw32/:/usr/local/Cellar/mingw-w64/10.0.0_1/toolchain-i686/lib/gcc/i686-w64-mingw32/11.3.0/:/usr/local/Cellar/mingw-w64/10.0.0_1/toolchain-i686/lib/gcc/i686-w64-mingw32/:/usr/local/Cellar/mingw-w64/10.0.0_1/toolchain-i686/lib/gcc/i686-w64-mingw32/11.3.0/../../../../i686-w64-mingw32/bin/
LIBRARY_PATH=/usr/local/Cellar/mingw-w64/10.0.0_1/toolchain-i686/lib/gcc/i686-w64-mingw32/11.3.0/:/usr/local/Cellar/mingw-w64/10.0.0_1/toolchain-i686/lib/gcc/i686-w64-mingw32/11.3.0/../../../../i686-w64-mingw32/lib/../lib/:/usr/local/Cellar/mingw-w64/10.0.0_1/toolchain-i686/mingw/lib/../lib/:/usr/local/Cellar/mingw-w64/10.0.0_1/toolchain-i686/lib/gcc/i686-w64-mingw32/11.3.0/../../../../i686-w64-mingw32/lib/:/usr/local/Cellar/mingw-w64/10.0.0_1/toolchain-i686/mingw/lib/
COLLECT_GCC_OPTIONS='-isysroot' '/Library/Developer/CommandLineTools/SDKs/MacOSX11.3.sdk' '-v' '-o' 'CMakeFiles/cmTC_5266a.dir/CMakeCCompilerABI.c.o' '-c' '-mtune=generic' '-march=pentiumpro' '-dumpdir' 'CMakeFiles/cmTC_5266a.dir/CMakeCCompilerABI.c.'
Linking C executable cmTC_5266a
/usr/local/Cellar/cmake/3.22.1/bin/cmake -E cmake_link_script CMakeFiles/cmTC_5266a.dir/link.txt --verbose=1
/usr/local/bin/i686-w64-mingw32-gcc  -isysroot /Library/Developer/CommandLineTools/SDKs/MacOSX11.3.sdk -Wl,-search_paths_first -Wl,-headerpad_max_install_names  -v -Wl,-v CMakeFiles/cmTC_5266a.dir/CMakeCCompilerABI.c.o -o cmTC_5266a 
Using built-in specs.
COLLECT_GCC=/usr/local/bin/i686-w64-mingw32-gcc
COLLECT_LTO_WRAPPER=/usr/local/Cellar/mingw-w64/10.0.0_1/toolchain-i686/libexec/gcc/i686-w64-mingw32/11.3.0/lto-wrapper
Target: i686-w64-mingw32
Configured with: ../configure --target=i686-w64-mingw32 --with-sysroot=/usr/local/Cellar/mingw-w64/10.0.0_1/toolchain-i686 --prefix=/usr/local/Cellar/mingw-w64/10.0.0_1/toolchain-i686 --with-bugurl=https://github.com/Homebrew/homebrew-core/issues --enable-languages=c,c++,fortran --with-ld=/usr/local/Cellar/mingw-w64/10.0.0_1/toolchain-i686/bin/i686-w64-mingw32-ld --with-as=/usr/local/Cellar/mingw-w64/10.0.0_1/toolchain-i686/bin/i686-w64-mingw32-as --with-gmp=/usr/local/opt/gmp --with-mpfr=/usr/local/opt/mpfr --with-mpc=/usr/local/opt/libmpc --with-isl=/usr/local/opt/isl --with-zstd=no --disable-multilib --disable-nls --enable-threads=posix
Thread model: posix
Supported LTO compression algorithms: zlib
gcc version 11.3.0 (GCC) 
COMPILER_PATH=/usr/local/Cellar/mingw-w64/10.0.0_1/toolchain-i686/libexec/gcc/i686-w64-mingw32/11.3.0/:/usr/local/Cellar/mingw-w64/10.0.0_1/toolchain-i686/libexec/gcc/i686-w64-mingw32/11.3.0/:/usr/local/Cellar/mingw-w64/10.0.0_1/toolchain-i686/libexec/gcc/i686-w64-mingw32/:/usr/local/Cellar/mingw-w64/10.0.0_1/toolchain-i686/lib/gcc/i686-w64-mingw32/11.3.0/:/usr/local/Cellar/mingw-w64/10.0.0_1/toolchain-i686/lib/gcc/i686-w64-mingw32/:/usr/local/Cellar/mingw-w64/10.0.0_1/toolchain-i686/lib/gcc/i686-w64-mingw32/11.3.0/../../../../i686-w64-mingw32/bin/
LIBRARY_PATH=/usr/local/Cellar/mingw-w64/10.0.0_1/toolchain-i686/lib/gcc/i686-w64-mingw32/11.3.0/:/usr/local/Cellar/mingw-w64/10.0.0_1/toolchain-i686/lib/gcc/i686-w64-mingw32/11.3.0/../../../../i686-w64-mingw32/lib/../lib/:/usr/local/Cellar/mingw-w64/10.0.0_1/toolchain-i686/mingw/lib/../lib/:/usr/local/Cellar/mingw-w64/10.0.0_1/toolchain-i686/lib/gcc/i686-w64-mingw32/11.3.0/../../../../i686-w64-mingw32/lib/:/usr/local/Cellar/mingw-w64/10.0.0_1/toolchain-i686/mingw/lib/
COLLECT_GCC_OPTIONS='-isysroot' '/Library/Developer/CommandLineTools/SDKs/MacOSX11.3.sdk' '-v' '-o' 'cmTC_5266a.exe' '-mtune=generic' '-march=pentiumpro' '-dumpdir' 'cmTC_5266a.'
 /usr/local/Cellar/mingw-w64/10.0.0_1/toolchain-i686/libexec/gcc/i686-w64-mingw32/11.3.0/collect2 -plugin /usr/local/Cellar/mingw-w64/10.0.0_1/toolchain-i686/libexec/gcc/i686-w64-mingw32/11.3.0/liblto_plugin.so -plugin-opt=/usr/local/Cellar/mingw-w64/10.0.0_1/toolchain-i686/libexec/gcc/i686-w64-mingw32/11.3.0/lto-wrapper -plugin-opt=-fresolution=/var/folders/m5/vnn_qlkj6rd73y55n4lm59jw0000gn/T//cc6oZEep.res -plugin-opt=-pass-through=-lmingw32 -plugin-opt=-pass-through=-lgcc -plugin-opt=-pass-through=-lgcc_eh -plugin-opt=-pass-through=-lmoldname -plugin-opt=-pass-through=-lmingwex -plugin-opt=-pass-through=-lmsvcrt -plugin-opt=-pass-through=-lkernel32 -plugin-opt=-pass-through=-lpthread -plugin-opt=-pass-through=-ladvapi32 -plugin-opt=-pass-through=-lshell32 -plugin-opt=-pass-through=-luser32 -plugin-opt=-pass-through=-lkernel32 -plugin-opt=-pass-through=-lmingw32 -plugin-opt=-pass-through=-lgcc -plugin-opt=-pass-through=-lgcc_eh -plugin-opt=-pass-through=-lmoldname -plugin-opt=-pass-through=-lmingwex -plugin-opt=-pass-through=-lmsvcrt -plugin-opt=-pass-through=-lkernel32 --sysroot=/usr/local/Cellar/mingw-w64/10.0.0_1/toolchain-i686 -m i386pe -Bdynamic -o cmTC_5266a.exe /usr/local/Cellar/mingw-w64/10.0.0_1/toolchain-i686/lib/gcc/i686-w64-mingw32/11.3.0/../../../../i686-w64-mingw32/lib/../lib/crt2.o /usr/local/Cellar/mingw-w64/10.0.0_1/toolchain-i686/lib/gcc/i686-w64-mingw32/11.3.0/crtbegin.o -L/usr/local/Cellar/mingw-w64/10.0.0_1/toolchain-i686/lib/gcc/i686-w64-mingw32/11.3.0 -L/usr/local/Cellar/mingw-w64/10.0.0_1/toolchain-i686/lib/gcc/i686-w64-mingw32/11.3.0/../../../../i686-w64-mingw32/lib/../lib -L/usr/local/Cellar/mingw-w64/10.0.0_1/toolchain-i686/mingw/lib/../lib -L/usr/local/Cellar/mingw-w64/10.0.0_1/toolchain-i686/lib/gcc/i686-w64-mingw32/11.3.0/../../../../i686-w64-mingw32/lib -L/usr/local/Cellar/mingw-w64/10.0.0_1/toolchain-i686/mingw/lib -search_paths_first -headerpad_max_install_names -v CMakeFiles/cmTC_5266a.dir/CMakeCCompilerABI.c.o -lmingw32 -lgcc -lgcc_eh -lmoldname -lmingwex -lmsvcrt -lkernel32 -lpthread -ladvapi32 -lshell32 -luser32 -lkernel32 -lmingw32 -lgcc -lgcc_eh -lmoldname -lmingwex -lmsvcrt -lkernel32 /usr/local/Cellar/mingw-w64/10.0.0_1/toolchain-i686/lib/gcc/i686-w64-mingw32/11.3.0/crtend.o
collect2 version 11.3.0
/usr/local/Cellar/mingw-w64/10.0.0_1/toolchain-i686/bin/i686-w64-mingw32-ld -plugin /usr/local/Cellar/mingw-w64/10.0.0_1/toolchain-i686/libexec/gcc/i686-w64-mingw32/11.3.0/liblto_plugin.so -plugin-opt=/usr/local/Cellar/mingw-w64/10.0.0_1/toolchain-i686/libexec/gcc/i686-w64-mingw32/11.3.0/lto-wrapper -plugin-opt=-fresolution=/var/folders/m5/vnn_qlkj6rd73y55n4lm59jw0000gn/T//cc6oZEep.res -plugin-opt=-pass-through=-lmingw32 -plugin-opt=-pass-through=-lgcc -plugin-opt=-pass-through=-lgcc_eh -plugin-opt=-pass-through=-lmoldname -plugin-opt=-pass-through=-lmingwex -plugin-opt=-pass-through=-lmsvcrt -plugin-opt=-pass-through=-lkernel32 -plugin-opt=-pass-through=-lpthread -plugin-opt=-pass-through=-ladvapi32 -plugin-opt=-pass-through=-lshell32 -plugin-opt=-pass-through=-luser32 -plugin-opt=-pass-through=-lkernel32 -plugin-opt=-pass-through=-lmingw32 -plugin-opt=-pass-through=-lgcc -plugin-opt=-pass-through=-lgcc_eh -plugin-opt=-pass-through=-lmoldname -plugin-opt=-pass-through=-lmingwex -plugin-opt=-pass-through=-lmsvcrt -plugin-opt=-pass-through=-lkernel32 --sysroot=/usr/local/Cellar/mingw-w64/10.0.0_1/toolchain-i686 -m i386pe -Bdynamic -o cmTC_5266a.exe /usr/local/Cellar/mingw-w64/10.0.0_1/toolchain-i686/lib/gcc/i686-w64-mingw32/11.3.0/../../../../i686-w64-mingw32/lib/../lib/crt2.o /usr/local/Cellar/mingw-w64/10.0.0_1/toolchain-i686/lib/gcc/i686-w64-mingw32/11.3.0/crtbegin.o -L/usr/local/Cellar/mingw-w64/10.0.0_1/toolchain-i686/lib/gcc/i686-w64-mingw32/11.3.0 -L/usr/local/Cellar/mingw-w64/10.0.0_1/toolchain-i686/lib/gcc/i686-w64-mingw32/11.3.0/../../../../i686-w64-mingw32/lib/../lib -L/usr/local/Cellar/mingw-w64/10.0.0_1/toolchain-i686/mingw/lib/../lib -L/usr/local/Cellar/mingw-w64/10.0.0_1/toolchain-i686/lib/gcc/i686-w64-mingw32/11.3.0/../../../../i686-w64-mingw32/lib -L/usr/local/Cellar/mingw-w64/10.0.0_1/toolchain-i686/mingw/lib -search_paths_first -headerpad_max_install_names -v CMakeFiles/cmTC_5266a.dir/CMakeCCompilerABI.c.o -lmingw32 -lgcc -lgcc_eh -lmoldname -lmingwex -lmsvcrt -lkernel32 -lpthread -ladvapi32 -lshell32 -luser32 -lkernel32 -lmingw32 -lgcc -lgcc_eh -lmoldname -lmingwex -lmsvcrt -lkernel32 /usr/local/Cellar/mingw-w64/10.0.0_1/toolchain-i686/lib/gcc/i686-w64-mingw32/11.3.0/crtend.o
/usr/local/Cellar/mingw-w64/10.0.0_1/toolchain-i686/bin/i686-w64-mingw32-ld: Error: unable to disambiguate: -search_paths_first (did you mean --search_paths_first ?)
collect2: error: ld returned 1 exit status
make[1]: *** [cmTC_5266a] Error 1
make: *** [cmTC_5266a/fast] Error 2




Determining if the C compiler works failed with the following output:
Change Dir: /Users/roeebenezra/CLionProjects/Checkpoint/build/CMakeFiles/CMakeTmp

Run Build Command(s):/usr/bin/make -f Makefile cmTC_f19af/fast && /Library/Developer/CommandLineTools/usr/bin/make  -f CMakeFiles/cmTC_f19af.dir/build.make CMakeFiles/cmTC_f19af.dir/build
Building C object CMakeFiles/cmTC_f19af.dir/testCCompiler.c.o
/usr/local/bin/i686-w64-mingw32-gcc   -isysroot /Library/Developer/CommandLineTools/SDKs/MacOSX11.3.sdk -o CMakeFiles/cmTC_f19af.dir/testCCompiler.c.o -c /Users/roeebenezra/CLionProjects/Checkpoint/build/CMakeFiles/CMakeTmp/testCCompiler.c
Linking C executable cmTC_f19af
/usr/local/Cellar/cmake/3.22.1/bin/cmake -E cmake_link_script CMakeFiles/cmTC_f19af.dir/link.txt --verbose=1
/usr/local/bin/i686-w64-mingw32-gcc  -isysroot /Library/Developer/CommandLineTools/SDKs/MacOSX11.3.sdk -Wl,-search_paths_first -Wl,-headerpad_max_install_names CMakeFiles/cmTC_f19af.dir/testCCompiler.c.o -o cmTC_f19af 
/usr/local/Cellar/mingw-w64/10.0.0_1/toolchain-i686/bin/i686-w64-mingw32-ld: Error: unable to disambiguate: -search_paths_first (did you mean --search_paths_first ?)
collect2: error: ld returned 1 exit status
make[1]: *** [cmTC_f19af] Error 1
make: *** [cmTC_f19af/fast] Error 2



